

Starting up. 22:34.21
---------------------

ADMIN: Loading jobban_rank
ADMIN: jobban_keylist was empty
ADMIN: Updating jobbanfile!
ADMIN: Loading goon_keylist
ADMIN: Loading Banlist
ACCESS: Login: Guest-1323850029/(Guest-1323850029) from 127.0.0.1
ACCESS: Logout: *no client*/(Guest-1323850029)
ACCESS: Login: Guest-1323850029/(Jamarion Muller) from 127.0.0.1
SAY: Jamarion Muller/Guest-1323850029 : Îõ
SAY: Jamarion Muller/Guest-1323850029 : ×ååðò
SAY: Jamarion Muller/Guest-1323850029 : Åïòà
SAY: Jamarion Muller/Guest-1323850029 : ü
SAY: Jamarion Muller/Guest-1323850029 : Îé ¸
ACCESS: Logout: Guest-1323850029/(Jamarion Muller)


Starting up. 23:12.43
---------------------

ADMIN: Loading jobban_rank
ADMIN: jobban_keylist was empty
ADMIN: Updating jobbanfile!
ADMIN: Loading goon_keylist
ADMIN: Loading Banlist
ACCESS: Login: Guest-1323850029/(Guest-1323850029) from 127.0.0.1
ACCESS: Logout: Guest-1323850029/(Guest-1323850029)
ACCESS: Login: Guest-1323850029/(Guest-1323850029) from 127.0.0.1
ACCESS: Logout: *no client*/(Guest-1323850029)
ACCESS: Login: Guest-1323850029/(Scotty Blyant) from 127.0.0.1
ACCESS: Logout: Guest-1323850029/(Scotty Blyant)
